{"numFailedTestSuites":0,"numFailedTests":0,"numPassedTestSuites":2,"numPassedTests":7,"numPendingTestSuites":0,"numPendingTests":0,"numRuntimeErrorTestSuites":0,"numTodoTests":0,"numTotalTestSuites":2,"numTotalTests":7,"openHandles":[],"snapshot":{"added":0,"didUpdate":false,"failure":false,"filesAdded":0,"filesRemoved":0,"filesRemovedList":[],"filesUnmatched":0,"filesUpdated":0,"matched":0,"total":0,"unchecked":0,"uncheckedKeysByFile":[],"unmatched":0,"updated":0},"startTime":1777415478973,"success":true,"testResults":[{"assertionResults":[{"ancestorTitles":["admin pagination logic"],"duration":11,"failureDetails":[],"failureMessages":[],"fullName":"admin pagination logic updatePageInfo sets text and disables buttons","invocations":1,"location":null,"numPassingAsserts":3,"retryReasons":[],"status":"passed","title":"updatePageInfo sets text and disables buttons"},{"ancestorTitles":["admin pagination logic"],"duration":3,"failureDetails":[],"failureMessages":[],"fullName":"admin pagination logic updatePageInfo handles empty dataset","invocations":1,"location":null,"numPassingAsserts":3,"retryReasons":[],"status":"passed","title":"updatePageInfo handles empty dataset"},{"ancestorTitles":["admin pagination logic"],"duration":2,"failureDetails":[],"failureMessages":[],"fullName":"admin pagination logic updatePageInfo disables next on last page","invocations":1,"location":null,"numPassingAsserts":3,"retryReasons":[],"status":"passed","title":"updatePageInfo disables next on last page"}],"endTime":1777415479583,"message":"","name":"D:\\VMU\\SW Testing\\Lab 2\\Bookie-Dookie\\tests\\admin.test.js","startTime":1777415479294,"status":"passed","summary":""},{"assertionResults":[{"ancestorTitles":["book_features search logic"],"duration":2,"failureDetails":[],"failureMessages":[],"fullName":"book_features search logic searchBooks filters by title/author/category","invocations":1,"location":null,"numPassingAsserts":1,"retryReasons":[],"status":"passed","title":"searchBooks filters by title/author/category"},{"ancestorTitles":["book_features search logic"],"duration":1,"failureDetails":[],"failureMessages":[],"fullName":"book_features search logic searchBooks returns empty list for no matches","invocations":1,"location":null,"numPassingAsserts":1,"retryReasons":[],"status":"passed","title":"searchBooks returns empty list for no matches"},{"ancestorTitles":["book_features search logic"],"duration":2,"failureDetails":[],"failureMessages":[],"fullName":"book_features search logic searchBooks returns all books for empty query","invocations":1,"location":null,"numPassingAsserts":1,"retryReasons":[],"status":"passed","title":"searchBooks returns all books for empty query"},{"ancestorTitles":["book_features search logic"],"duration":1,"failureDetails":[],"failureMessages":[],"fullName":"book_features search logic searchBooks matches case-insensitively","invocations":1,"location":null,"numPassingAsserts":1,"retryReasons":[],"status":"passed","title":"searchBooks matches case-insensitively"}],"endTime":1777415479644,"message":"","name":"D:\\VMU\\SW Testing\\Lab 2\\Bookie-Dookie\\tests\\book_features.test.js","startTime":1777415479592,"status":"passed","summary":""}],"wasInterrupted":false}
